Determining if the pthread_create exist failed with the following output:
Change Dir: /home/mclovin/Desktop/sort_dependencies/CMakeFiles/CMakeTmp

Run Build Command:"/usr/bin/make" "cmTC_fb50e/fast"
/usr/bin/make -f CMakeFiles/cmTC_fb50e.dir/build.make CMakeFiles/cmTC_fb50e.dir/build
make[1]: Entering directory '/home/mclovin/Desktop/sort_dependencies/CMakeFiles/CMakeTmp'
Building C object CMakeFiles/cmTC_fb50e.dir/CheckSymbolExists.c.o
/usr/bin/cc    -o CMakeFiles/cmTC_fb50e.dir/CheckSymbolExists.c.o   -c /home/mclovin/Desktop/sort_dependencies/CMakeFiles/CMakeTmp/CheckSymbolExists.c
Linking C executable cmTC_fb50e
/usr/bin/cmake -E cmake_link_script CMakeFiles/cmTC_fb50e.dir/link.txt --verbose=1
/usr/bin/cc      -rdynamic CMakeFiles/cmTC_fb50e.dir/CheckSymbolExists.c.o  -o cmTC_fb50e 
CMakeFiles/cmTC_fb50e.dir/CheckSymbolExists.c.o: In function `main':
CheckSymbolExists.c:(.text+0x1b): undefined reference to `pthread_create'
collect2: error: ld returned 1 exit status
CMakeFiles/cmTC_fb50e.dir/build.make:97: recipe for target 'cmTC_fb50e' failed
make[1]: *** [cmTC_fb50e] Error 1
make[1]: Leaving directory '/home/mclovin/Desktop/sort_dependencies/CMakeFiles/CMakeTmp'
Makefile:126: recipe for target 'cmTC_fb50e/fast' failed
make: *** [cmTC_fb50e/fast] Error 2

File /home/mclovin/Desktop/sort_dependencies/CMakeFiles/CMakeTmp/CheckSymbolExists.c:
/* */
#include <pthread.h>

int main(int argc, char** argv)
{
  (void)argv;
#ifndef pthread_create
  return ((int*)(&pthread_create))[argc];
#else
  (void)argc;
  return 0;
#endif
}

Determining if the function pthread_create exists in the pthreads failed with the following output:
Change Dir: /home/mclovin/Desktop/sort_dependencies/CMakeFiles/CMakeTmp

Run Build Command:"/usr/bin/make" "cmTC_70cd8/fast"
/usr/bin/make -f CMakeFiles/cmTC_70cd8.dir/build.make CMakeFiles/cmTC_70cd8.dir/build
make[1]: Entering directory '/home/mclovin/Desktop/sort_dependencies/CMakeFiles/CMakeTmp'
Building C object CMakeFiles/cmTC_70cd8.dir/CheckFunctionExists.c.o
/usr/bin/cc   -DCHECK_FUNCTION_EXISTS=pthread_create   -o CMakeFiles/cmTC_70cd8.dir/CheckFunctionExists.c.o   -c /usr/share/cmake-3.10/Modules/CheckFunctionExists.c
Linking C executable cmTC_70cd8
/usr/bin/cmake -E cmake_link_script CMakeFiles/cmTC_70cd8.dir/link.txt --verbose=1
/usr/bin/cc  -DCHECK_FUNCTION_EXISTS=pthread_create    -rdynamic CMakeFiles/cmTC_70cd8.dir/CheckFunctionExists.c.o  -o cmTC_70cd8 -lpthreads 
/usr/bin/ld: cannot find -lpthreads
collect2: error: ld returned 1 exit status
CMakeFiles/cmTC_70cd8.dir/build.make:97: recipe for target 'cmTC_70cd8' failed
make[1]: *** [cmTC_70cd8] Error 1
make[1]: Leaving directory '/home/mclovin/Desktop/sort_dependencies/CMakeFiles/CMakeTmp'
Makefile:126: recipe for target 'cmTC_70cd8/fast' failed
make: *** [cmTC_70cd8/fast] Error 2


Performing C SOURCE FILE Test CMAKE_HAVE_LIBC_PTHREAD failed with the following output:
Change Dir: /home/mclovin/Desktop/sort_dependencies/CMakeFiles/CMakeTmp

Run Build Command(s):/usr/bin/make cmTC_33229/fast && /usr/bin/make -f CMakeFiles/cmTC_33229.dir/build.make CMakeFiles/cmTC_33229.dir/build
make[1]: Entering directory '/home/mclovin/Desktop/sort_dependencies/CMakeFiles/CMakeTmp'
Building C object CMakeFiles/cmTC_33229.dir/src.c.o
/usr/bin/cc   -DCMAKE_HAVE_LIBC_PTHREAD   -o CMakeFiles/cmTC_33229.dir/src.c.o   -c /home/mclovin/Desktop/sort_dependencies/CMakeFiles/CMakeTmp/src.c
Linking C executable cmTC_33229
/home/mclovin/Downloads/clion-2019.2.4/bin/cmake/linux/bin/cmake -E cmake_link_script CMakeFiles/cmTC_33229.dir/link.txt --verbose=1
/usr/bin/cc  -DCMAKE_HAVE_LIBC_PTHREAD    -rdynamic CMakeFiles/cmTC_33229.dir/src.c.o  -o cmTC_33229 
CMakeFiles/cmTC_33229.dir/src.c.o: In function `main':
src.c:(.text+0x3e): undefined reference to `pthread_create'
src.c:(.text+0x4a): undefined reference to `pthread_detach'
src.c:(.text+0x5b): undefined reference to `pthread_join'
src.c:(.text+0x6f): undefined reference to `pthread_atfork'
collect2: error: ld returned 1 exit status
CMakeFiles/cmTC_33229.dir/build.make:86: recipe for target 'cmTC_33229' failed
make[1]: *** [cmTC_33229] Error 1
make[1]: Leaving directory '/home/mclovin/Desktop/sort_dependencies/CMakeFiles/CMakeTmp'
Makefile:121: recipe for target 'cmTC_33229/fast' failed
make: *** [cmTC_33229/fast] Error 2


Source file was:
#include <pthread.h>

void* test_func(void* data)
{
  return data;
}

int main(void)
{
  pthread_t thread;
  pthread_create(&thread, NULL, test_func, NULL);
  pthread_detach(thread);
  pthread_join(thread, NULL);
  pthread_atfork(NULL, NULL, NULL);
  pthread_exit(NULL);

  return 0;
}

